# JRE version: OpenJDK Runtime Environment (17.0.9) (build 17.0.9+0--11185874)
# Java VM: OpenJDK 64-Bit Server VM (17.0.9+0--11185874, mixed mode, tiered, compressed oops, compressed class ptrs, g1 gc, windows-amd64)
GC Precious Log:
 CPUs: 16 total, 16 available
 Memory: 15996M
 Large Page Support: Disabled
 NUMA Support: Disabled
 Compressed Oops: Enabled (Zero based)
 Heap Region Size: 2M
 Heap Min Capacity: 8M
 Heap Initial Capacity: 250M
 Heap Max Capacity: 4000M
 Pre-touch: Disabled
 Parallel Workers: 13
 Concurrent Workers: 3
 Concurrent Refinement Workers: 13
 Periodic GC: Disabled
Heap:
 garbage-first heap   total 165888K, used 83768K [0x0000000706000000, 0x0000000800000000)
  region size 2048K, 3 young (6144K), 1 survivors (2048K)
 Metaspace       used 70115K, committed 70400K, reserved 1114112K
  class space    used 7957K, committed 8064K, reserved 1048576K
GC Heap History (20 events):
Event: 5.474 GC heap before
{Heap before GC invocations=13 (full 0):
 garbage-first heap   total 96256K, used 73005K [0x0000000706000000, 0x0000000800000000)
  region size 2048K, 16 young (32768K), 3 survivors (6144K)
 Metaspace       used 59156K, committed 59456K, reserved 1114112K
  class space    used 6941K, committed 7104K, reserved 1048576K
}
Event: 5.487 GC heap after
{Heap after GC invocations=14 (full 0):
 garbage-first heap   total 96256K, used 51475K [0x0000000706000000, 0x0000000800000000)
  region size 2048K, 2 young (4096K), 2 survivors (4096K)
 Metaspace       used 59156K, committed 59456K, reserved 1114112K
  class space    used 6941K, committed 7104K, reserved 1048576K
}
Event: 5.711 GC heap before
{Heap before GC invocations=14 (full 0):
 garbage-first heap   total 96256K, used 71955K [0x0000000706000000, 0x0000000800000000)
  region size 2048K, 12 young (24576K), 2 survivors (4096K)
 Metaspace       used 59383K, committed 59648K, reserved 1114112K
  class space    used 6950K, committed 7104K, reserved 1048576K
}
Event: 5.725 GC heap after
{Heap after GC invocations=15 (full 0):
 garbage-first heap   total 116736K, used 55956K [0x0000000706000000, 0x0000000800000000)
  region size 2048K, 2 young (4096K), 2 survivors (4096K)
 Metaspace       used 59383K, committed 59648K, reserved 1114112K
  class space    used 6950K, committed 7104K, reserved 1048576K
}
Event: 5.988 GC heap before
{Heap before GC invocations=16 (full 0):
 garbage-first heap   total 116736K, used 86676K [0x0000000706000000, 0x0000000800000000)
  region size 2048K, 17 young (34816K), 2 survivors (4096K)
 Metaspace       used 59642K, committed 59904K, reserved 1114112K
  class space    used 6987K, committed 7104K, reserved 1048576K
}
Event: 5.995 GC heap after
{Heap after GC invocations=17 (full 0):
 garbage-first heap   total 116736K, used 59333K [0x0000000706000000, 0x0000000800000000)
  region size 2048K, 2 young (4096K), 2 survivors (4096K)
 Metaspace       used 59642K, committed 59904K, reserved 1114112K
  class space    used 6987K, committed 7104K, reserved 1048576K
}
Event: 6.798 GC heap before
{Heap before GC invocations=17 (full 0):
 garbage-first heap   total 116736K, used 88005K [0x0000000706000000, 0x0000000800000000)
  region size 2048K, 16 young (32768K), 2 survivors (4096K)
 Metaspace       used 63651K, committed 64000K, reserved 1114112K
  class space    used 7535K, committed 7680K, reserved 1048576K
}
Event: 6.804 GC heap after
{Heap after GC invocations=18 (full 0):
 garbage-first heap   total 116736K, used 61654K [0x0000000706000000, 0x0000000800000000)
  region size 2048K, 1 young (2048K), 1 survivors (2048K)
 Metaspace       used 63651K, committed 64000K, reserved 1114112K
  class space    used 7535K, committed 7680K, reserved 1048576K
}
Event: 7.903 GC heap before
{Heap before GC invocations=19 (full 0):
 garbage-first heap   total 116736K, used 90326K [0x0000000706000000, 0x0000000800000000)
  region size 2048K, 15 young (30720K), 1 survivors (2048K)
 Metaspace       used 66257K, committed 66560K, reserved 1114112K
  class space    used 7733K, committed 7872K, reserved 1048576K
}
Event: 7.914 GC heap after
{Heap after GC invocations=20 (full 0):
 garbage-first heap   total 116736K, used 65295K [0x0000000706000000, 0x0000000800000000)
  region size 2048K, 2 young (4096K), 2 survivors (4096K)
 Metaspace       used 66257K, committed 66560K, reserved 1114112K
  class space    used 7733K, committed 7872K, reserved 1048576K
}
Event: 8.940 GC heap before
{Heap before GC invocations=20 (full 0):
 garbage-first heap   total 116736K, used 91919K [0x0000000706000000, 0x0000000800000000)
  region size 2048K, 15 young (30720K), 2 survivors (4096K)
 Metaspace       used 67864K, committed 68160K, reserved 1114112K
  class space    used 7834K, committed 7936K, reserved 1048576K
}
Event: 8.954 GC heap after
{Heap after GC invocations=21 (full 0):
 garbage-first heap   total 116736K, used 69289K [0x0000000706000000, 0x0000000800000000)
  region size 2048K, 2 young (4096K), 2 survivors (4096K)
 Metaspace       used 67864K, committed 68160K, reserved 1114112K
  class space    used 7834K, committed 7936K, reserved 1048576K
}
Event: 9.945 GC heap before
{Heap before GC invocations=22 (full 0):
 garbage-first heap   total 122880K, used 91817K [0x0000000706000000, 0x0000000800000000)
  region size 2048K, 13 young (26624K), 2 survivors (4096K)
 Metaspace       used 68954K, committed 69248K, reserved 1114112K
  class space    used 7928K, committed 8064K, reserved 1048576K
}
Event: 9.958 GC heap after
{Heap after GC invocations=23 (full 0):
 garbage-first heap   total 122880K, used 73494K [0x0000000706000000, 0x0000000800000000)
  region size 2048K, 2 young (4096K), 2 survivors (4096K)
 Metaspace       used 68954K, committed 69248K, reserved 1114112K
  class space    used 7928K, committed 8064K, reserved 1048576K
}
Event: 10.941 GC heap before
{Heap before GC invocations=23 (full 0):
 garbage-first heap   total 122880K, used 98070K [0x0000000706000000, 0x0000000800000000)
  region size 2048K, 14 young (28672K), 2 survivors (4096K)
 Metaspace       used 69770K, committed 70080K, reserved 1114112K
  class space    used 7949K, committed 8064K, reserved 1048576K
}
Event: 10.955 GC heap after
{Heap after GC invocations=24 (full 0):
 garbage-first heap   total 122880K, used 77005K [0x0000000706000000, 0x0000000800000000)
  region size 2048K, 2 young (4096K), 2 survivors (4096K)
 Metaspace       used 69770K, committed 70080K, reserved 1114112K
  class space    used 7949K, committed 8064K, reserved 1048576K
}
Event: 11.496 GC heap before
{Heap before GC invocations=25 (full 0):
 garbage-first heap   total 137216K, used 95437K [0x0000000706000000, 0x0000000800000000)
  region size 2048K, 12 young (24576K), 2 survivors (4096K)
 Metaspace       used 70033K, committed 70272K, reserved 1114112K
  class space    used 7956K, committed 8064K, reserved 1048576K
}
Event: 11.503 GC heap after
{Heap after GC invocations=26 (full 0):
 garbage-first heap   total 137216K, used 79812K [0x0000000706000000, 0x0000000800000000)
  region size 2048K, 2 young (4096K), 2 survivors (4096K)
 Metaspace       used 70033K, committed 70272K, reserved 1114112K
  class space    used 7956K, committed 8064K, reserved 1048576K
}
Event: 11.563 GC heap before
{Heap before GC invocations=26 (full 0):
 garbage-first heap   total 137216K, used 83908K [0x0000000706000000, 0x0000000800000000)
  region size 2048K, 3 young (6144K), 2 survivors (4096K)
 Metaspace       used 70046K, committed 70336K, reserved 1114112K
  class space    used 7957K, committed 8064K, reserved 1048576K
}
Event: 11.570 GC heap after
{Heap after GC invocations=27 (full 0):
 garbage-first heap   total 165888K, used 81720K [0x0000000706000000, 0x0000000800000000)
  region size 2048K, 1 young (2048K), 1 survivors (2048K)
 Metaspace       used 70046K, committed 70336K, reserved 1114112K
  class space    used 7957K, committed 8064K, reserved 1048576K
}

