# JRE version: OpenJDK Runtime Environment (17.0.9) (build 17.0.9+0--11185874)
# Java VM: OpenJDK 64-Bit Server VM (17.0.9+0--11185874, mixed mode, tiered, compressed oops, compressed class ptrs, g1 gc, windows-amd64)
GC Precious Log:
 CPUs: 16 total, 16 available
 Memory: 15996M
 Large Page Support: Disabled
 NUMA Support: Disabled
 Compressed Oops: Enabled (Zero based)
 Heap Region Size: 2M
 Heap Min Capacity: 8M
 Heap Initial Capacity: 250M
 Heap Max Capacity: 4000M
 Pre-touch: Disabled
 Parallel Workers: 13
 Concurrent Workers: 3
 Concurrent Refinement Workers: 13
 Periodic GC: Disabled
Heap:
 garbage-first heap   total 151552K, used 101098K [0x0000000706000000, 0x0000000800000000)
  region size 2048K, 10 young (20480K), 2 survivors (4096K)
 Metaspace       used 72409K, committed 72704K, reserved 1114112K
  class space    used 8124K, committed 8256K, reserved 1048576K
GC Heap History (20 events):
Event: 6.143 GC heap before
{Heap before GC invocations=14 (full 0):
 garbage-first heap   total 102400K, used 78447K [0x0000000706000000, 0x0000000800000000)
  region size 2048K, 15 young (30720K), 3 survivors (6144K)
 Metaspace       used 59485K, committed 59776K, reserved 1114112K
  class space    used 6963K, committed 7104K, reserved 1048576K
}
Event: 6.157 GC heap after
{Heap after GC invocations=15 (full 0):
 garbage-first heap   total 122880K, used 58496K [0x0000000706000000, 0x0000000800000000)
  region size 2048K, 2 young (4096K), 2 survivors (4096K)
 Metaspace       used 59485K, committed 59776K, reserved 1114112K
  class space    used 6963K, committed 7104K, reserved 1048576K
}
Event: 6.727 GC heap before
{Heap before GC invocations=16 (full 0):
 garbage-first heap   total 122880K, used 93312K [0x0000000706000000, 0x0000000800000000)
  region size 2048K, 19 young (38912K), 2 survivors (4096K)
 Metaspace       used 61490K, committed 61824K, reserved 1114112K
  class space    used 7283K, committed 7424K, reserved 1048576K
}
Event: 6.734 GC heap after
{Heap after GC invocations=17 (full 0):
 garbage-first heap   total 122880K, used 60274K [0x0000000706000000, 0x0000000800000000)
  region size 2048K, 1 young (2048K), 1 survivors (2048K)
 Metaspace       used 61490K, committed 61824K, reserved 1114112K
  class space    used 7283K, committed 7424K, reserved 1048576K
}
Event: 7.995 GC heap before
{Heap before GC invocations=17 (full 0):
 garbage-first heap   total 122880K, used 95090K [0x0000000706000000, 0x0000000800000000)
  region size 2048K, 18 young (36864K), 1 survivors (2048K)
 Metaspace       used 65935K, committed 66240K, reserved 1114112K
  class space    used 7716K, committed 7872K, reserved 1048576K
}
Event: 8.005 GC heap after
{Heap after GC invocations=18 (full 0):
 garbage-first heap   total 122880K, used 63331K [0x0000000706000000, 0x0000000800000000)
  region size 2048K, 3 young (6144K), 3 survivors (6144K)
 Metaspace       used 65935K, committed 66240K, reserved 1114112K
  class space    used 7716K, committed 7872K, reserved 1048576K
}
Event: 9.025 GC heap before
{Heap before GC invocations=19 (full 0):
 garbage-first heap   total 122880K, used 96099K [0x0000000706000000, 0x0000000800000000)
  region size 2048K, 19 young (38912K), 3 survivors (6144K)
 Metaspace       used 67933K, committed 68224K, reserved 1114112K
  class space    used 7833K, committed 7936K, reserved 1048576K
}
Event: 9.037 GC heap after
{Heap after GC invocations=20 (full 0):
 garbage-first heap   total 122880K, used 68142K [0x0000000706000000, 0x0000000800000000)
  region size 2048K, 3 young (6144K), 3 survivors (6144K)
 Metaspace       used 67933K, committed 68224K, reserved 1114112K
  class space    used 7833K, committed 7936K, reserved 1048576K
}
Event: 9.814 GC heap before
{Heap before GC invocations=20 (full 0):
 garbage-first heap   total 122880K, used 94766K [0x0000000706000000, 0x0000000800000000)
  region size 2048K, 16 young (32768K), 3 survivors (6144K)
 Metaspace       used 69167K, committed 69440K, reserved 1114112K
  class space    used 7930K, committed 8064K, reserved 1048576K
}
Event: 9.826 GC heap after
{Heap after GC invocations=21 (full 0):
 garbage-first heap   total 122880K, used 72640K [0x0000000706000000, 0x0000000800000000)
  region size 2048K, 2 young (4096K), 2 survivors (4096K)
 Metaspace       used 69167K, committed 69440K, reserved 1114112K
  class space    used 7930K, committed 8064K, reserved 1048576K
}
Event: 10.519 GC heap before
{Heap before GC invocations=22 (full 0):
 garbage-first heap   total 126976K, used 97216K [0x0000000706000000, 0x0000000800000000)
  region size 2048K, 14 young (28672K), 2 survivors (4096K)
 Metaspace       used 69869K, committed 70144K, reserved 1114112K
  class space    used 7948K, committed 8064K, reserved 1048576K
}
Event: 10.529 GC heap after
{Heap after GC invocations=23 (full 0):
 garbage-first heap   total 126976K, used 76928K [0x0000000706000000, 0x0000000800000000)
  region size 2048K, 2 young (4096K), 2 survivors (4096K)
 Metaspace       used 69869K, committed 70144K, reserved 1114112K
  class space    used 7948K, committed 8064K, reserved 1048576K
}
Event: 10.914 GC heap before
{Heap before GC invocations=23 (full 0):
 garbage-first heap   total 126976K, used 91264K [0x0000000706000000, 0x0000000800000000)
  region size 2048K, 10 young (20480K), 2 survivors (4096K)
 Metaspace       used 70049K, committed 70336K, reserved 1114112K
  class space    used 7955K, committed 8064K, reserved 1048576K
}
Event: 10.921 GC heap after
{Heap after GC invocations=24 (full 0):
 garbage-first heap   total 126976K, used 78168K [0x0000000706000000, 0x0000000800000000)
  region size 2048K, 1 young (2048K), 1 survivors (2048K)
 Metaspace       used 70049K, committed 70336K, reserved 1114112K
  class space    used 7955K, committed 8064K, reserved 1048576K
}
Event: 11.594 GC heap before
{Heap before GC invocations=25 (full 0):
 garbage-first heap   total 141312K, used 102744K [0x0000000706000000, 0x0000000800000000)
  region size 2048K, 12 young (24576K), 1 survivors (2048K)
 Metaspace       used 70334K, committed 70592K, reserved 1114112K
  class space    used 7958K, committed 8064K, reserved 1048576K
}
Event: 11.599 GC heap after
{Heap after GC invocations=26 (full 0):
 garbage-first heap   total 141312K, used 82108K [0x0000000706000000, 0x0000000800000000)
  region size 2048K, 2 young (4096K), 2 survivors (4096K)
 Metaspace       used 70334K, committed 70592K, reserved 1114112K
  class space    used 7958K, committed 8064K, reserved 1048576K
}
Event: 12.369 GC heap before
{Heap before GC invocations=26 (full 0):
 garbage-first heap   total 141312K, used 112828K [0x0000000706000000, 0x0000000800000000)
  region size 2048K, 17 young (34816K), 2 survivors (4096K)
 Metaspace       used 70770K, committed 71104K, reserved 1114112K
  class space    used 7983K, committed 8128K, reserved 1048576K
}
Event: 12.377 GC heap after
{Heap after GC invocations=27 (full 0):
 garbage-first heap   total 141312K, used 84684K [0x0000000706000000, 0x0000000800000000)
  region size 2048K, 3 young (6144K), 3 survivors (6144K)
 Metaspace       used 70770K, committed 71104K, reserved 1114112K
  class space    used 7983K, committed 8128K, reserved 1048576K
}
Event: 13.102 GC heap before
{Heap before GC invocations=28 (full 0):
 garbage-first heap   total 151552K, used 111308K [0x0000000706000000, 0x0000000800000000)
  region size 2048K, 16 young (32768K), 3 survivors (6144K)
 Metaspace       used 71510K, committed 71808K, reserved 1114112K
  class space    used 8045K, committed 8192K, reserved 1048576K
}
Event: 13.109 GC heap after
{Heap after GC invocations=29 (full 0):
 garbage-first heap   total 151552K, used 86762K [0x0000000706000000, 0x0000000800000000)
  region size 2048K, 2 young (4096K), 2 survivors (4096K)
 Metaspace       used 71510K, committed 71808K, reserved 1114112K
  class space    used 8045K, committed 8192K, reserved 1048576K
}

