# JRE version: OpenJDK Runtime Environment (17.0.9) (build 17.0.9+0--11185874)
# Java VM: OpenJDK 64-Bit Server VM (17.0.9+0--11185874, mixed mode, tiered, compressed oops, compressed class ptrs, g1 gc, windows-amd64)
GC Precious Log:
 CPUs: 16 total, 16 available
 Memory: 15996M
 Large Page Support: Disabled
 NUMA Support: Disabled
 Compressed Oops: Enabled (Zero based)
 Heap Region Size: 2M
 Heap Min Capacity: 8M
 Heap Initial Capacity: 250M
 Heap Max Capacity: 4000M
 Pre-touch: Disabled
 Parallel Workers: 13
 Concurrent Workers: 3
 Concurrent Refinement Workers: 13
 Periodic GC: Disabled
Heap:
 garbage-first heap   total 172032K, used 101841K [0x0000000706000000, 0x0000000800000000)
  region size 2048K, 1 young (2048K), 1 survivors (2048K)
 Metaspace       used 86827K, committed 87104K, reserved 1179648K
  class space    used 9619K, committed 9728K, reserved 1048576K
GC Heap History (20 events):
Event: 10.545 GC heap after
{Heap after GC invocations=24 (full 0):
 garbage-first heap   total 122880K, used 76285K [0x0000000706000000, 0x0000000800000000)
  region size 2048K, 2 young (4096K), 2 survivors (4096K)
 Metaspace       used 69857K, committed 70144K, reserved 1114112K
  class space    used 7945K, committed 8064K, reserved 1048576K
}
Event: 11.016 GC heap before
{Heap before GC invocations=25 (full 0):
 garbage-first heap   total 133120K, used 94717K [0x0000000706000000, 0x0000000800000000)
  region size 2048K, 12 young (24576K), 2 survivors (4096K)
 Metaspace       used 70085K, committed 70336K, reserved 1114112K
  class space    used 7955K, committed 8064K, reserved 1048576K
}
Event: 11.023 GC heap after
{Heap after GC invocations=26 (full 0):
 garbage-first heap   total 133120K, used 78868K [0x0000000706000000, 0x0000000800000000)
  region size 2048K, 2 young (4096K), 2 survivors (4096K)
 Metaspace       used 70085K, committed 70336K, reserved 1114112K
  class space    used 7955K, committed 8064K, reserved 1048576K
}
Event: 11.994 GC heap before
{Heap before GC invocations=27 (full 0):
 garbage-first heap   total 143360K, used 107540K [0x0000000706000000, 0x0000000800000000)
  region size 2048K, 15 young (30720K), 2 survivors (4096K)
 Metaspace       used 70391K, committed 70656K, reserved 1114112K
  class space    used 7958K, committed 8064K, reserved 1048576K
}
Event: 12.004 GC heap after
{Heap after GC invocations=28 (full 0):
 garbage-first heap   total 143360K, used 83897K [0x0000000706000000, 0x0000000800000000)
  region size 2048K, 2 young (4096K), 2 survivors (4096K)
 Metaspace       used 70391K, committed 70656K, reserved 1114112K
  class space    used 7958K, committed 8064K, reserved 1048576K
}
Event: 12.086 GC heap before
{Heap before GC invocations=28 (full 0):
 garbage-first heap   total 143360K, used 85945K [0x0000000706000000, 0x0000000800000000)
  region size 2048K, 3 young (6144K), 2 survivors (4096K)
 Metaspace       used 70430K, committed 70656K, reserved 1114112K
  class space    used 7962K, committed 8064K, reserved 1048576K
}
Event: 12.095 GC heap after
{Heap after GC invocations=29 (full 0):
 garbage-first heap   total 172032K, used 84053K [0x0000000706000000, 0x0000000800000000)
  region size 2048K, 1 young (2048K), 1 survivors (2048K)
 Metaspace       used 70430K, committed 70656K, reserved 1114112K
  class space    used 7962K, committed 8064K, reserved 1048576K
}
Event: 13.677 GC heap before
{Heap before GC invocations=29 (full 0):
 garbage-first heap   total 172032K, used 133205K [0x0000000706000000, 0x0000000800000000)
  region size 2048K, 25 young (51200K), 1 survivors (2048K)
 Metaspace       used 71406K, committed 71744K, reserved 1114112K
  class space    used 8041K, committed 8192K, reserved 1048576K
}
Event: 13.684 GC heap after
{Heap after GC invocations=30 (full 0):
 garbage-first heap   total 172032K, used 87113K [0x0000000706000000, 0x0000000800000000)
  region size 2048K, 2 young (4096K), 2 survivors (4096K)
 Metaspace       used 71406K, committed 71744K, reserved 1114112K
  class space    used 8041K, committed 8192K, reserved 1048576K
}
Event: 14.688 GC heap before
{Heap before GC invocations=31 (full 0):
 garbage-first heap   total 172032K, used 136265K [0x0000000706000000, 0x0000000800000000)
  region size 2048K, 26 young (53248K), 2 survivors (4096K)
 Metaspace       used 77104K, committed 77440K, reserved 1179648K
  class space    used 8613K, committed 8768K, reserved 1048576K
}
Event: 14.695 GC heap after
{Heap after GC invocations=32 (full 0):
 garbage-first heap   total 172032K, used 90681K [0x0000000706000000, 0x0000000800000000)
  region size 2048K, 4 young (8192K), 4 survivors (8192K)
 Metaspace       used 77104K, committed 77440K, reserved 1179648K
  class space    used 8613K, committed 8768K, reserved 1048576K
}
Event: 14.723 GC heap before
{Heap before GC invocations=32 (full 0):
 garbage-first heap   total 172032K, used 92729K [0x0000000706000000, 0x0000000800000000)
  region size 2048K, 5 young (10240K), 4 survivors (8192K)
 Metaspace       used 77128K, committed 77440K, reserved 1179648K
  class space    used 8617K, committed 8768K, reserved 1048576K
}
Event: 14.732 GC heap after
{Heap after GC invocations=33 (full 0):
 garbage-first heap   total 172032K, used 91391K [0x0000000706000000, 0x0000000800000000)
  region size 2048K, 1 young (2048K), 1 survivors (2048K)
 Metaspace       used 77128K, committed 77440K, reserved 1179648K
  class space    used 8617K, committed 8768K, reserved 1048576K
}
Event: 15.970 GC heap before
{Heap before GC invocations=33 (full 0):
 garbage-first heap   total 172032K, used 138495K [0x0000000706000000, 0x0000000800000000)
  region size 2048K, 24 young (49152K), 1 survivors (2048K)
 Metaspace       used 82394K, committed 82688K, reserved 1179648K
  class space    used 9226K, committed 9344K, reserved 1048576K
}
Event: 15.976 GC heap after
{Heap after GC invocations=34 (full 0):
 garbage-first heap   total 172032K, used 98147K [0x0000000706000000, 0x0000000800000000)
  region size 2048K, 3 young (6144K), 3 survivors (6144K)
 Metaspace       used 82394K, committed 82688K, reserved 1179648K
  class space    used 9226K, committed 9344K, reserved 1048576K
}
Event: 16.785 GC heap before
{Heap before GC invocations=35 (full 0):
 garbage-first heap   total 172032K, used 137059K [0x0000000706000000, 0x0000000800000000)
  region size 2048K, 23 young (47104K), 3 survivors (6144K)
 Metaspace       used 86239K, committed 86528K, reserved 1179648K
  class space    used 9596K, committed 9728K, reserved 1048576K
}
Event: 16.796 GC heap after
{Heap after GC invocations=36 (full 0):
 garbage-first heap   total 172032K, used 101863K [0x0000000706000000, 0x0000000800000000)
  region size 2048K, 3 young (6144K), 3 survivors (6144K)
 Metaspace       used 86239K, committed 86528K, reserved 1179648K
  class space    used 9596K, committed 9728K, reserved 1048576K
}
Event: 16.810 GC heap before
{Heap before GC invocations=36 (full 0):
 garbage-first heap   total 172032K, used 103911K [0x0000000706000000, 0x0000000800000000)
  region size 2048K, 4 young (8192K), 3 survivors (6144K)
 Metaspace       used 86247K, committed 86528K, reserved 1179648K
  class space    used 9596K, committed 9728K, reserved 1048576K
}
Event: 16.817 GC heap after
{Heap after GC invocations=37 (full 0):
 garbage-first heap   total 172032K, used 101412K [0x0000000706000000, 0x0000000800000000)
  region size 2048K, 1 young (2048K), 1 survivors (2048K)
 Metaspace       used 86247K, committed 86528K, reserved 1179648K
  class space    used 9596K, committed 9728K, reserved 1048576K
}
Event: 17.156 GC heap before
{Heap before GC invocations=37 (full 0):
 garbage-first heap   total 172032K, used 138276K [0x0000000706000000, 0x0000000800000000)
  region size 2048K, 19 young (38912K), 1 survivors (2048K)
 Metaspace       used 86827K, committed 87104K, reserved 1179648K
  class space    used 9619K, committed 9728K, reserved 1048576K
}

